2023-12-18 22:12:802 INFO  LoginPage :45 - Send Admin to username field : [[ChromeDriver: chrome on windows (59fd278a9eac3c1150f2408cb92b886e)] -> xpath: //input[@placeholder='Username']]
2023-12-18 22:12:76 INFO  LoginPage :50 - Send admin123 to password field : [[ChromeDriver: chrome on windows (59fd278a9eac3c1150f2408cb92b886e)] -> xpath: //input[@placeholder='Password']]
2023-12-18 22:12:180 INFO  LoginPage :55 - Clicking on Login button : [[ChromeDriver: chrome on windows (59fd278a9eac3c1150f2408cb92b886e)] -> xpath: //button[normalize-space()='Login']]
2023-12-18 22:12:604 INFO  DashboardPage :27 - Getting text from : [[ChromeDriver: chrome on windows (59fd278a9eac3c1150f2408cb92b886e)] -> xpath: //h6[normalize-space()='Dashboard']]
2023-12-18 22:12:828 INFO  LoginPage :45 - Send Admin to username field : [[ChromeDriver: chrome on windows (620ced7624714dbbf7dc8320cf5a3927)] -> xpath: //input[@placeholder='Username']]
2023-12-18 22:12:126 INFO  LoginPage :50 - Send admin123 to password field : [[ChromeDriver: chrome on windows (620ced7624714dbbf7dc8320cf5a3927)] -> xpath: //input[@placeholder='Password']]
2023-12-18 22:12:422 INFO  LoginPage :55 - Clicking on Login button : [[ChromeDriver: chrome on windows (620ced7624714dbbf7dc8320cf5a3927)] -> xpath: //button[normalize-space()='Login']]
2023-12-18 22:12:902 INFO  HomePage :39 - Verifying orangeHRM Logo from : [[ChromeDriver: chrome on windows (620ced7624714dbbf7dc8320cf5a3927)] -> xpath: //img[@alt='client brand banner']]
2023-12-18 22:12:920 INFO  LoginPage :45 - Send Admin to username field : [[ChromeDriver: chrome on windows (c3b96ff4c8c736c3df2f07c8aecca0ae)] -> xpath: //input[@placeholder='Username']]
2023-12-18 22:12:135 INFO  LoginPage :50 - Send admin123 to password field : [[ChromeDriver: chrome on windows (c3b96ff4c8c736c3df2f07c8aecca0ae)] -> xpath: //input[@placeholder='Password']]
2023-12-18 22:12:352 INFO  LoginPage :55 - Clicking on Login button : [[ChromeDriver: chrome on windows (c3b96ff4c8c736c3df2f07c8aecca0ae)] -> xpath: //button[normalize-space()='Login']]
2023-12-18 22:12:37 INFO  HomePage :45 - Clicking on Admin link : [[ChromeDriver: chrome on windows (c3b96ff4c8c736c3df2f07c8aecca0ae)] -> xpath: //li[1]//a[1]//span[1]]
2023-12-18 22:12:568 INFO  ViewSystemUsersPage :91 - Verifying System Users text : [[ChromeDriver: chrome on windows (c3b96ff4c8c736c3df2f07c8aecca0ae)] -> xpath: //h5[normalize-space()='System Users']]
2023-12-18 22:12:301 INFO  ViewSystemUsersPage :162 - Clicking on Add button : [[ChromeDriver: chrome on windows (c3b96ff4c8c736c3df2f07c8aecca0ae)] -> xpath: //button[normalize-space()='Add']]
2023-12-18 22:12:710 INFO  AddUsersPage :75 - Verifying AddUser text from : [[ChromeDriver: chrome on windows (c3b96ff4c8c736c3df2f07c8aecca0ae)] -> xpath: //h6[normalize-space()='Add User']]
2023-12-18 22:12:821 INFO  AddUsersPage :80 - Clicking on UserRole drop-down : [[ChromeDriver: chrome on windows (c3b96ff4c8c736c3df2f07c8aecca0ae)] -> xpath: (//div[@class = 'oxd-select-wrapper'])[1]]
2023-12-18 22:12:163 INFO  AddUsersPage :85 - Clicking on Admin option in UserRole drop-down : [[ChromeDriver: chrome on windows (c3b96ff4c8c736c3df2f07c8aecca0ae)] -> xpath: //span[contains(text(),'Admin')]]
2023-12-18 22:12:700 INFO  AddUsersPage :96 - Enter Peter Mac Anderson to Employee Name field : [[ChromeDriver: chrome on windows (c3b96ff4c8c736c3df2f07c8aecca0ae)] -> xpath: //input[@placeholder='Type for hints...']]
2023-12-18 22:12:886 INFO  AddUsersPage :116 - Enter Prime78 to User Name field : [[ChromeDriver: chrome on windows (c3b96ff4c8c736c3df2f07c8aecca0ae)] -> xpath: //div[@class = 'oxd-form-row']//input[@class = 'oxd-input oxd-input--active']]
2023-12-18 22:12:992 INFO  AddUsersPage :101 - Clicking on Status drop-down : [[ChromeDriver: chrome on windows (c3b96ff4c8c736c3df2f07c8aecca0ae)] -> xpath: //div[contains(text(),'-- Select --')]]
2023-12-18 22:12:184 INFO  AddUsersPage :106 - Clicking on Disable option in Status drop-down : [[ChromeDriver: chrome on windows (c3b96ff4c8c736c3df2f07c8aecca0ae)] -> xpath: //span[normalize-space()='Disabled']]
2023-12-18 22:12:403 INFO  AddUsersPage :121 - Enter prime123 to Password field : [[ChromeDriver: chrome on windows (c3b96ff4c8c736c3df2f07c8aecca0ae)] -> xpath: //div[@class='oxd-grid-item oxd-grid-item--gutters user-password-cell']//div[@class='oxd-input-group oxd-input-field-bottom-space']//div//input[@type='password']]
2023-12-18 22:12:673 INFO  AddUsersPage :126 - Enter prime123 to Confirm Password field : [[ChromeDriver: chrome on windows (c3b96ff4c8c736c3df2f07c8aecca0ae)] -> xpath: //div[@class='oxd-grid-item oxd-grid-item--gutters']//div[@class='oxd-input-group oxd-input-field-bottom-space']//div//input[@type='password']]
2023-12-18 22:12:823 INFO  AddUsersPage :131 - Clicking on Save button : [[ChromeDriver: chrome on windows (c3b96ff4c8c736c3df2f07c8aecca0ae)] -> xpath: //button[normalize-space()='Save']]
2023-12-18 22:12:879 INFO  AddUsersPage :140 - Getting User Added Successfully message : Proxy element for: DefaultElementLocator 'By.xpath: //p[@class='oxd-text oxd-text--p oxd-text--toast-message oxd-toast-content-text']'
2023-12-18 22:12:875 INFO  LoginPage :45 - Send Admin to username field : [[ChromeDriver: chrome on windows (dffb60dd03e8c3b16624160a7e6af48e)] -> xpath: //input[@placeholder='Username']]
2023-12-18 22:12:216 INFO  LoginPage :50 - Send admin123 to password field : [[ChromeDriver: chrome on windows (dffb60dd03e8c3b16624160a7e6af48e)] -> xpath: //input[@placeholder='Password']]
2023-12-18 22:12:362 INFO  LoginPage :55 - Clicking on Login button : [[ChromeDriver: chrome on windows (dffb60dd03e8c3b16624160a7e6af48e)] -> xpath: //button[normalize-space()='Login']]
2023-12-18 22:12:222 INFO  HomePage :45 - Clicking on Admin link : [[ChromeDriver: chrome on windows (dffb60dd03e8c3b16624160a7e6af48e)] -> xpath: //li[1]//a[1]//span[1]]
2023-12-18 22:12:936 INFO  ViewSystemUsersPage :91 - Verifying System Users text : [[ChromeDriver: chrome on windows (dffb60dd03e8c3b16624160a7e6af48e)] -> xpath: //h5[normalize-space()='System Users']]
2023-12-18 22:12:398 INFO  ViewSystemUsersPage :97 - Enter Prime78 to User Name field : [[ChromeDriver: chrome on windows (dffb60dd03e8c3b16624160a7e6af48e)] -> xpath: //div[@class='oxd-input-group oxd-input-field-bottom-space']//div//input[@class='oxd-input oxd-input--active']]
2023-12-18 22:12:437 INFO  ViewSystemUsersPage :101 - Clicking on UserRole drop-down : [[ChromeDriver: chrome on windows (dffb60dd03e8c3b16624160a7e6af48e)] -> xpath: //div[@class='oxd-table-filter-area']//div[2]//div[1]//div[2]//div[1]//div[1]//div[1]]
2023-12-18 22:12:560 INFO  ViewSystemUsersPage :106 - Clicking on Admin option in UserRole drop-down : [[ChromeDriver: chrome on windows (dffb60dd03e8c3b16624160a7e6af48e)] -> xpath: //span[contains(text(),'Admin')]]
2023-12-18 22:12:821 INFO  ViewSystemUsersPage :117 - Clicking on Status drop-down : [[ChromeDriver: chrome on windows (dffb60dd03e8c3b16624160a7e6af48e)] -> xpath: (//i)[13]]
2023-12-18 22:12:01 INFO  ViewSystemUsersPage :122 - Clicking on Disable option in Status drop-down : [[ChromeDriver: chrome on windows (dffb60dd03e8c3b16624160a7e6af48e)] -> xpath: //span[normalize-space()='Disabled']]
2023-12-18 22:12:132 INFO  ViewSystemUsersPage :132 - Clicking on Search button : [[ChromeDriver: chrome on windows (dffb60dd03e8c3b16624160a7e6af48e)] -> xpath: //button[normalize-space()='Search']]
2023-12-18 22:12:182 INFO  ViewSystemUsersPage :141 - Getting UserName from record : Proxy element for: DefaultElementLocator 'By.xpath: (//div[@data-v-6c07a142])[1]'
2023-12-18 22:12:536 INFO  LoginPage :45 - Send Admin to username field : [[ChromeDriver: chrome on windows (318cc9dd6f9db7b02f975d5e373eaaf1)] -> xpath: //input[@placeholder='Username']]
2023-12-18 22:12:171 INFO  LoginPage :50 - Send admin123 to password field : [[ChromeDriver: chrome on windows (318cc9dd6f9db7b02f975d5e373eaaf1)] -> xpath: //input[@placeholder='Password']]
2023-12-18 22:12:388 INFO  LoginPage :55 - Clicking on Login button : [[ChromeDriver: chrome on windows (318cc9dd6f9db7b02f975d5e373eaaf1)] -> xpath: //button[normalize-space()='Login']]
2023-12-18 22:12:138 INFO  DashboardPage :27 - Getting text from : [[ChromeDriver: chrome on windows (318cc9dd6f9db7b02f975d5e373eaaf1)] -> xpath: //h6[normalize-space()='Dashboard']]
2023-12-18 22:12:164 INFO  LoginPage :45 - Send Admin to username field : [[ChromeDriver: chrome on windows (eff8c664e128636971b291678d9aa8ee)] -> xpath: //input[@placeholder='Username']]
2023-12-18 22:12:362 INFO  LoginPage :50 - Send admin123 to password field : [[ChromeDriver: chrome on windows (eff8c664e128636971b291678d9aa8ee)] -> xpath: //input[@placeholder='Password']]
2023-12-18 22:12:652 INFO  LoginPage :55 - Clicking on Login button : [[ChromeDriver: chrome on windows (eff8c664e128636971b291678d9aa8ee)] -> xpath: //button[normalize-space()='Login']]
2023-12-18 22:12:296 INFO  HomePage :45 - Clicking on Admin link : [[ChromeDriver: chrome on windows (eff8c664e128636971b291678d9aa8ee)] -> xpath: //li[1]//a[1]//span[1]]
2023-12-18 22:12:184 INFO  ViewSystemUsersPage :91 - Verifying System Users text : [[ChromeDriver: chrome on windows (eff8c664e128636971b291678d9aa8ee)] -> xpath: //h5[normalize-space()='System Users']]
2023-12-18 22:12:882 INFO  ViewSystemUsersPage :162 - Clicking on Add button : [[ChromeDriver: chrome on windows (eff8c664e128636971b291678d9aa8ee)] -> xpath: //button[normalize-space()='Add']]
2023-12-18 22:12:231 INFO  AddUsersPage :75 - Verifying AddUser text from : [[ChromeDriver: chrome on windows (eff8c664e128636971b291678d9aa8ee)] -> xpath: //h6[normalize-space()='Add User']]
2023-12-18 22:12:309 INFO  AddUsersPage :80 - Clicking on UserRole drop-down : [[ChromeDriver: chrome on windows (eff8c664e128636971b291678d9aa8ee)] -> xpath: (//div[@class = 'oxd-select-wrapper'])[1]]
2023-12-18 22:12:519 INFO  AddUsersPage :85 - Clicking on Admin option in UserRole drop-down : [[ChromeDriver: chrome on windows (eff8c664e128636971b291678d9aa8ee)] -> xpath: //span[contains(text(),'Admin')]]
2023-12-18 22:12:817 INFO  AddUsersPage :96 - Enter Peter Mac Anderson to Employee Name field : [[ChromeDriver: chrome on windows (eff8c664e128636971b291678d9aa8ee)] -> xpath: //input[@placeholder='Type for hints...']]
2023-12-18 22:12:21 INFO  AddUsersPage :116 - Enter Prime78 to User Name field : [[ChromeDriver: chrome on windows (eff8c664e128636971b291678d9aa8ee)] -> xpath: //div[@class = 'oxd-form-row']//input[@class = 'oxd-input oxd-input--active']]
2023-12-18 22:12:154 INFO  AddUsersPage :101 - Clicking on Status drop-down : [[ChromeDriver: chrome on windows (eff8c664e128636971b291678d9aa8ee)] -> xpath: //div[contains(text(),'-- Select --')]]
2023-12-18 22:12:338 INFO  AddUsersPage :106 - Clicking on Disable option in Status drop-down : [[ChromeDriver: chrome on windows (eff8c664e128636971b291678d9aa8ee)] -> xpath: //span[normalize-space()='Disabled']]
2023-12-18 22:12:509 INFO  AddUsersPage :121 - Enter prime123 to Password field : [[ChromeDriver: chrome on windows (eff8c664e128636971b291678d9aa8ee)] -> xpath: //div[@class='oxd-grid-item oxd-grid-item--gutters user-password-cell']//div[@class='oxd-input-group oxd-input-field-bottom-space']//div//input[@type='password']]
2023-12-18 22:12:726 INFO  AddUsersPage :126 - Enter prime123 to Confirm Password field : [[ChromeDriver: chrome on windows (eff8c664e128636971b291678d9aa8ee)] -> xpath: //div[@class='oxd-grid-item oxd-grid-item--gutters']//div[@class='oxd-input-group oxd-input-field-bottom-space']//div//input[@type='password']]
2023-12-18 22:12:858 INFO  AddUsersPage :131 - Clicking on Save button : [[ChromeDriver: chrome on windows (eff8c664e128636971b291678d9aa8ee)] -> xpath: //button[normalize-space()='Save']]
2023-12-18 22:12:961 INFO  AddUsersPage :140 - Getting User Added Successfully message : Proxy element for: DefaultElementLocator 'By.xpath: //p[@class='oxd-text oxd-text--p oxd-text--toast-message oxd-toast-content-text']'
